<?xml version="1.0" encoding="UTF-8"?>
<!-- Generated by org.testng.reporters.JUnitXMLReporter -->
<testsuite ignored="1" hostname="DESKTOP-NUA2972" failures="0" tests="6" name="Test" time="0.087" errors="0" timestamp="2025-10-14T22:45:33 IST">
  <testcase classname="day4_18092025.GroupsDemo" name="test1" time="0.008"/>
  <testcase classname="day4_18092025.GroupsDemo" name="test2" time="0.0"/>
  <testcase classname="day4_18092025.GroupsDemo" name="test3" time="0.001"/>
  <testcase classname="day4_18092025.GroupsDemo" name="test5" time="0.001"/>
  <testcase classname="day4_18092025.GroupsDemo" name="test6" time="0.003"/>
  <testcase classname="day4_18092025.GroupsDemo" name="test7" time="0.001"/>
  <testcase classname="day4_18092025.GroupsDemo" name="test4" time="0.0">
    <ignored/>
  </testcase> <!-- test4 -->
</testsuite> <!-- Test -->
