<?xml version="1.0" encoding="UTF-8"?>
<testsuite xmlns:xsi="http://www.w3.org/2001/XMLSchema-instance" xsi:noNamespaceSchemaLocation="https://maven.apache.org/surefire/maven-surefire-plugin/xsd/surefire-test-report-3.0.xsd" version="3.0" name="TestSuite" time="0.949" tests="6" errors="0" skipped="0" failures="0">
  <properties>
[...]
</properties>
  <testcase name="test1" classname="day4_18092025.GroupsDemo" time="0.009">
    <system-out><![CDATA[Test 1: Smoke
]]></system-out>
    <system-err><![CDATA[SLF4J(W): No SLF4J providers were found.
SLF4J(W): Defaulting to no-operation (NOP) logger implementation
SLF4J(W): See https://www.slf4j.org/codes.html#noProviders for further details.
]]></system-err>
  </testcase>
  <testcase name="test2" classname="day4_18092025.GroupsDemo" time="0.004">
    <system-out><![CDATA[Test 2: Smoke, Sanity
]]></system-out>
  </testcase>
  <testcase name="test3" classname="day4_18092025.GroupsDemo" time="0.004">
    <system-out><![CDATA[Test 3: Sanity
]]></system-out>
  </testcase>
  <testcase name="test5" classname="day4_18092025.GroupsDemo" time="0.003">
    <system-out><![CDATA[Test 5: Regression, Sanity
]]></system-out>
  </testcase>
  <testcase name="test6" classname="day4_18092025.GroupsDemo" time="0.004">
    <system-out><![CDATA[Test 6: Regression, Smoke
]]></system-out>
  </testcase>
  <testcase name="test7" classname="day4_18092025.GroupsDemo" time="0.002">
    <system-out><![CDATA[Test 7: Regression, Sanity, Smoke
]]></system-out>
  </testcase>
</testsuite>