<?xml version="1.0" encoding="UTF-8"?>
<testng-results ignored="1" total="7" passed="6" failed="0" skipped="0">
  <reporter-output>
  </reporter-output>
  <suite started-at="2025-10-14T22:45:04 IST" name="Groups" finished-at="2025-10-14T22:45:04 IST" duration-ms="90">
    <groups>
      <group name="Sanity">
        <method signature="GroupsDemo.test2()[pri:0, instance:day4_18092025.GroupsDemo@6b2ea799]" name="test2" class="day4_18092025.GroupsDemo"/>
        <method signature="GroupsDemo.test3()[pri:0, instance:day4_18092025.GroupsDemo@6b2ea799]" name="test3" class="day4_18092025.GroupsDemo"/>
        <method signature="GroupsDemo.test5()[pri:0, instance:day4_18092025.GroupsDemo@6b2ea799]" name="test5" class="day4_18092025.GroupsDemo"/>
        <method signature="GroupsDemo.test7()[pri:0, instance:day4_18092025.GroupsDemo@6b2ea799]" name="test7" class="day4_18092025.GroupsDemo"/>
      </group> <!-- Sanity -->
      <group name="Regression">
        <method signature="GroupsDemo.test5()[pri:0, instance:day4_18092025.GroupsDemo@6b2ea799]" name="test5" class="day4_18092025.GroupsDemo"/>
        <method signature="GroupsDemo.test6()[pri:0, instance:day4_18092025.GroupsDemo@6b2ea799]" name="test6" class="day4_18092025.GroupsDemo"/>
        <method signature="GroupsDemo.test7()[pri:0, instance:day4_18092025.GroupsDemo@6b2ea799]" name="test7" class="day4_18092025.GroupsDemo"/>
      </group> <!-- Regression -->
      <group name="Smoke">
        <method signature="GroupsDemo.test1()[pri:0, instance:day4_18092025.GroupsDemo@6b2ea799]" name="test1" class="day4_18092025.GroupsDemo"/>
        <method signature="GroupsDemo.test2()[pri:0, instance:day4_18092025.GroupsDemo@6b2ea799]" name="test2" class="day4_18092025.GroupsDemo"/>
        <method signature="GroupsDemo.test6()[pri:0, instance:day4_18092025.GroupsDemo@6b2ea799]" name="test6" class="day4_18092025.GroupsDemo"/>
        <method signature="GroupsDemo.test7()[pri:0, instance:day4_18092025.GroupsDemo@6b2ea799]" name="test7" class="day4_18092025.GroupsDemo"/>
      </group> <!-- Smoke -->
    </groups>
    <test started-at="2025-10-14T22:45:04 IST" name="Test" finished-at="2025-10-14T22:45:04 IST" duration-ms="90">
      <class name="day4_18092025.GroupsDemo">
        <test-method signature="test1()[pri:0, instance:day4_18092025.GroupsDemo@6b2ea799]" started-at="2025-10-14T22:45:04 IST" name="test1" finished-at="2025-10-14T22:45:04 IST" duration-ms="14" status="PASS">
          <reporter-output>
          </reporter-output>
        </test-method> <!-- test1 -->
        <test-method signature="test2()[pri:0, instance:day4_18092025.GroupsDemo@6b2ea799]" started-at="2025-10-14T22:45:04 IST" name="test2" finished-at="2025-10-14T22:45:04 IST" duration-ms="3" status="PASS">
          <reporter-output>
          </reporter-output>
        </test-method> <!-- test2 -->
        <test-method signature="test3()[pri:0, instance:day4_18092025.GroupsDemo@6b2ea799]" started-at="2025-10-14T22:45:04 IST" name="test3" finished-at="2025-10-14T22:45:04 IST" duration-ms="2" status="PASS">
          <reporter-output>
          </reporter-output>
        </test-method> <!-- test3 -->
        <test-method signature="test5()[pri:0, instance:day4_18092025.GroupsDemo@6b2ea799]" started-at="2025-10-14T22:45:04 IST" name="test5" finished-at="2025-10-14T22:45:04 IST" duration-ms="1" status="PASS">
          <reporter-output>
          </reporter-output>
        </test-method> <!-- test5 -->
        <test-method signature="test6()[pri:0, instance:day4_18092025.GroupsDemo@6b2ea799]" started-at="2025-10-14T22:45:04 IST" name="test6" finished-at="2025-10-14T22:45:04 IST" duration-ms="2" status="PASS">
          <reporter-output>
          </reporter-output>
        </test-method> <!-- test6 -->
        <test-method signature="test7()[pri:0, instance:day4_18092025.GroupsDemo@6b2ea799]" started-at="2025-10-14T22:45:04 IST" name="test7" finished-at="2025-10-14T22:45:04 IST" duration-ms="1" status="PASS">
          <reporter-output>
          </reporter-output>
        </test-method> <!-- test7 -->
      </class> <!-- day4_18092025.GroupsDemo -->
    </test> <!-- Test -->
  </suite> <!-- Groups -->
</testng-results>
